La génération a démarré 12/12/2013 08:36:10.
     1>Projet "H:\Small World\Small World\Projet1\Projet1.vcxproj" sur le nœud 2 (Build cible(s)).
     1>InitializeBuildStatus:
         Création de "Debug\Wrapper.unsuccessfulbuild", car "AlwaysCreate" a été spécifié.
       GenerateTargetFrameworkMonikerAttribute:
       La cible est ignorée "GenerateTargetFrameworkMonikerAttribute", car tous les fichiers de sortie sont à jour par rapport aux fichiers d'entrée.
       ClCompile:
         Toutes les sorties sont à jour.
         Toutes les sorties sont à jour.
       Link:
         Toutes les sorties sont à jour.
         Projet1.vcxproj -> H:\Small World\Small World\Debug\Wrapper.dll
       MetaGen:
       La cible est ignorée "MetaGen", car tous les fichiers de sortie sont à jour par rapport aux fichiers d'entrée.
       FinalizeBuildStatus:
         Suppression du fichier "Debug\Wrapper.unsuccessfulbuild".
         Mise à jour de l'horodatage "Debug\Wrapper.lastbuildstate".
     1>Génération du projet "H:\Small World\Small World\Projet1\Projet1.vcxproj" terminée (Build cible(s)).

La génération a réussi.

Temps écoulé 00:00:00.13
