H:\SMALL WORLD\SMALL WORLD\PROJET1\DEBUG\WRAPPERMAP.OBJ
H:\SMALL WORLD\SMALL WORLD\PROJET1\DEBUG\VC110.PDB
H:\SMALL WORLD\SMALL WORLD\PROJET1\DEBUG\.NETFRAMEWORK,VERSION=V4.5.ASSEMBLYATTRIBUTES.OBJ
H:\Small World\Small World\Projet1\Debug\Projet1.vcxprojResolveAssemblyReference.cache
H:\Small World\Small World\Projet1\Debug\WrapperMap.obj
H:\Small World\Small World\Projet1\Debug\.NETFramework,Version=v4.5.AssemblyAttributes.obj
H:\Small World\Small World\Projet1\Debug\metagen.write.1.tlog
H:\Small World\Small World\Projet1\Debug\CL.read.1.tlog
H:\Small World\Small World\Projet1\Debug\CL.write.1.tlog
H:\Small World\Small World\Projet1\Debug\cl.command.1.tlog
H:\Small World\Small World\Projet1\Debug\metagen.read.1.tlog
H:\Small World\Small World\Projet1\Debug\link.5788.read.1.tlog
H:\Small World\Small World\Projet1\Debug\link.5788.write.1.tlog
H:\Small World\Small World\Projet1\Debug\link.read.1.tlog
H:\Small World\Small World\Projet1\Debug\link.write.1.tlog
H:\Small World\Small World\Projet1\Debug\link.command.1.tlog
H:\Small World\Small World\Projet1\Debug\link.4440.read.1.tlog
H:\Small World\Small World\Projet1\Debug\link.4440.write.1.tlog
H:\Small World\Small World\Projet1\Debug\vc110.pdb
H:\Small World\Small World\Projet1\Debug\RSAENH.DLL.bi
H:\Small World\Small World\Projet1\Debug\TZRES.DLL.bi
H:\Small World\Small World\Debug\Wrapper.ilk
